0 info it worked if it ends with ok
1 verbose cli [ '/usr/local/bin/node',
1 verbose cli   '/usr/local/bin/npm',
1 verbose cli   'install',
1 verbose cli   'hap-nodejs' ]
2 info using npm@3.10.3
3 info using node@v6.6.0
4 silly loadCurrentTree Starting
5 silly install loadCurrentTree
6 silly install readLocalPackageData
7 silly fetchPackageMetaData hap-nodejs
8 silly fetchNamedPackageData hap-nodejs
9 silly mapToRegistry name hap-nodejs
10 silly mapToRegistry using default registry
11 silly mapToRegistry registry https://registry.npmjs.org/
12 silly mapToRegistry data Result {
12 silly mapToRegistry   raw: 'hap-nodejs',
12 silly mapToRegistry   scope: null,
12 silly mapToRegistry   escapedName: 'hap-nodejs',
12 silly mapToRegistry   name: 'hap-nodejs',
12 silly mapToRegistry   rawSpec: '',
12 silly mapToRegistry   spec: 'latest',
12 silly mapToRegistry   type: 'tag' }
13 silly mapToRegistry uri https://registry.npmjs.org/hap-nodejs
14 verbose request uri https://registry.npmjs.org/hap-nodejs
15 verbose request no auth needed
16 info attempt registry request try #1 at 14:52:51
17 verbose request id f19ff24b5aa76de9
18 http request GET https://registry.npmjs.org/hap-nodejs
19 http 200 https://registry.npmjs.org/hap-nodejs
20 verbose headers { server: 'CouchDB/1.6.1 (Erlang OTP/R16B03)',
20 verbose headers   etag: '"CO1GKSGSRBOOFX8FC3PG0ZS33"',
20 verbose headers   'content-type': 'application/json',
20 verbose headers   'content-encoding': 'gzip',
20 verbose headers   'cache-control': 'max-age=300',
20 verbose headers   'content-length': '6349',
20 verbose headers   'accept-ranges': 'bytes',
20 verbose headers   date: 'Wed, 21 Sep 2016 12:52:51 GMT',
20 verbose headers   via: '1.1 varnish',
20 verbose headers   age: '9',
20 verbose headers   connection: 'keep-alive',
20 verbose headers   'x-served-by': 'cache-fra1222-FRA',
20 verbose headers   'x-cache': 'HIT',
20 verbose headers   'x-cache-hits': '1',
20 verbose headers   'x-timer': 'S1474462371.459907,VS0,VE0',
20 verbose headers   vary: 'Accept-Encoding' }
21 silly get cb [ 200,
21 silly get   { server: 'CouchDB/1.6.1 (Erlang OTP/R16B03)',
21 silly get     etag: '"CO1GKSGSRBOOFX8FC3PG0ZS33"',
21 silly get     'content-type': 'application/json',
21 silly get     'content-encoding': 'gzip',
21 silly get     'cache-control': 'max-age=300',
21 silly get     'content-length': '6349',
21 silly get     'accept-ranges': 'bytes',
21 silly get     date: 'Wed, 21 Sep 2016 12:52:51 GMT',
21 silly get     via: '1.1 varnish',
21 silly get     age: '9',
21 silly get     connection: 'keep-alive',
21 silly get     'x-served-by': 'cache-fra1222-FRA',
21 silly get     'x-cache': 'HIT',
21 silly get     'x-cache-hits': '1',
21 silly get     'x-timer': 'S1474462371.459907,VS0,VE0',
21 silly get     vary: 'Accept-Encoding' } ]
22 verbose get saving hap-nodejs to /Users/chris/.npm/registry.npmjs.org/hap-nodejs/.cache.json
23 verbose correctMkdir /Users/chris/.npm correctMkdir not in flight; initializing
24 silly install normalizeTree
25 silly loadCurrentTree Finishing
26 silly loadIdealTree Starting
27 silly install loadIdealTree
28 silly cloneCurrentTree Starting
29 silly install cloneCurrentTreeToIdealTree
30 silly cloneCurrentTree Finishing
31 silly loadShrinkwrap Starting
32 silly install loadShrinkwrap
33 silly loadShrinkwrap Finishing
34 silly loadAllDepsIntoIdealTree Starting
35 silly install loadAllDepsIntoIdealTree
36 silly resolveWithNewModule hap-nodejs@0.3.2 checking installable status
37 silly cache add args [ 'hap-nodejs', null ]
38 verbose cache add spec hap-nodejs
39 silly cache add parsed spec Result {
39 silly cache add   raw: 'hap-nodejs',
39 silly cache add   scope: null,
39 silly cache add   escapedName: 'hap-nodejs',
39 silly cache add   name: 'hap-nodejs',
39 silly cache add   rawSpec: '',
39 silly cache add   spec: 'latest',
39 silly cache add   type: 'tag' }
40 silly addNamed hap-nodejs@latest
41 verbose addNamed "latest" is being treated as a dist-tag for hap-nodejs
42 info addNameTag [ 'hap-nodejs', 'latest' ]
43 silly mapToRegistry name hap-nodejs
44 silly mapToRegistry using default registry
45 silly mapToRegistry registry https://registry.npmjs.org/
46 silly mapToRegistry data Result {
46 silly mapToRegistry   raw: 'hap-nodejs',
46 silly mapToRegistry   scope: null,
46 silly mapToRegistry   escapedName: 'hap-nodejs',
46 silly mapToRegistry   name: 'hap-nodejs',
46 silly mapToRegistry   rawSpec: '',
46 silly mapToRegistry   spec: 'latest',
46 silly mapToRegistry   type: 'tag' }
47 silly mapToRegistry uri https://registry.npmjs.org/hap-nodejs
48 verbose addNameTag registry:https://registry.npmjs.org/hap-nodejs not in flight; fetching
49 verbose get https://registry.npmjs.org/hap-nodejs not expired, no request
50 silly addNameTag next cb for hap-nodejs with tag latest
51 silly addNamed hap-nodejs@0.3.2
52 verbose addNamed "0.3.2" is a plain semver version for hap-nodejs
53 silly mapToRegistry name hap-nodejs
54 silly mapToRegistry using default registry
55 silly mapToRegistry registry https://registry.npmjs.org/
56 silly mapToRegistry data Result {
56 silly mapToRegistry   raw: 'hap-nodejs',
56 silly mapToRegistry   scope: null,
56 silly mapToRegistry   escapedName: 'hap-nodejs',
56 silly mapToRegistry   name: 'hap-nodejs',
56 silly mapToRegistry   rawSpec: '',
56 silly mapToRegistry   spec: 'latest',
56 silly mapToRegistry   type: 'tag' }
57 silly mapToRegistry uri https://registry.npmjs.org/hap-nodejs
58 verbose addRemoteTarball https://registry.npmjs.org/hap-nodejs/-/hap-nodejs-0.3.2.tgz not in flight; adding
59 verbose addRemoteTarball [ 'https://registry.npmjs.org/hap-nodejs/-/hap-nodejs-0.3.2.tgz',
59 verbose addRemoteTarball   '9936f3a1795bb55a583b4c6586bd95bd57d70c0d' ]
60 info retry fetch attempt 1 at 14:52:51
61 info attempt registry request try #1 at 14:52:51
62 http fetch GET https://registry.npmjs.org/hap-nodejs/-/hap-nodejs-0.3.2.tgz
63 http fetch 200 https://registry.npmjs.org/hap-nodejs/-/hap-nodejs-0.3.2.tgz
64 silly fetchAndShaCheck shasum 9936f3a1795bb55a583b4c6586bd95bd57d70c0d
65 verbose addTmpTarball /var/folders/hx/845qj4x90bb7w_gp891vxs9h0000gn/T/npm-67773-9ac8d9e0/registry.npmjs.org/hap-nodejs/-/hap-nodejs-0.3.2.tgz not in flight; adding
66 verbose addTmpTarball already have metadata; skipping unpack for hap-nodejs@0.3.2
67 verbose correctMkdir /Users/chris/.npm correctMkdir not in flight; initializing
68 silly cache afterAdd hap-nodejs@0.3.2
69 verbose afterAdd /Users/chris/.npm/hap-nodejs/0.3.2/package/package.json not in flight; writing
70 verbose correctMkdir /Users/chris/.npm correctMkdir not in flight; initializing
71 verbose afterAdd /Users/chris/.npm/hap-nodejs/0.3.2/package/package.json written
72 silly fetchNamedPackageData debug
73 silly mapToRegistry name debug
74 silly mapToRegistry using default registry
75 silly mapToRegistry registry https://registry.npmjs.org/
76 silly mapToRegistry data Result {
76 silly mapToRegistry   raw: 'debug',
76 silly mapToRegistry   scope: null,
76 silly mapToRegistry   escapedName: 'debug',
76 silly mapToRegistry   name: 'debug',
76 silly mapToRegistry   rawSpec: '',
76 silly mapToRegistry   spec: 'latest',
76 silly mapToRegistry   type: 'tag' }
77 silly mapToRegistry uri https://registry.npmjs.org/debug
78 silly fetchNamedPackageData mdns
79 silly mapToRegistry name mdns
80 silly mapToRegistry using default registry
81 silly mapToRegistry registry https://registry.npmjs.org/
82 silly mapToRegistry data Result {
82 silly mapToRegistry   raw: 'mdns',
82 silly mapToRegistry   scope: null,
82 silly mapToRegistry   escapedName: 'mdns',
82 silly mapToRegistry   name: 'mdns',
82 silly mapToRegistry   rawSpec: '',
82 silly mapToRegistry   spec: 'latest',
82 silly mapToRegistry   type: 'tag' }
83 silly mapToRegistry uri https://registry.npmjs.org/mdns
84 silly fetchNamedPackageData node-persist
85 silly mapToRegistry name node-persist
86 silly mapToRegistry using default registry
87 silly mapToRegistry registry https://registry.npmjs.org/
88 silly mapToRegistry data Result {
88 silly mapToRegistry   raw: 'node-persist',
88 silly mapToRegistry   scope: null,
88 silly mapToRegistry   escapedName: 'node-persist',
88 silly mapToRegistry   name: 'node-persist',
88 silly mapToRegistry   rawSpec: '',
88 silly mapToRegistry   spec: 'latest',
88 silly mapToRegistry   type: 'tag' }
89 silly mapToRegistry uri https://registry.npmjs.org/node-persist
90 silly fetchOtherPackageData curve25519@git://github.com/KhaosT/node-curve25519.git
91 silly cache add args [ 'curve25519@git://github.com/KhaosT/node-curve25519.git',
91 silly cache add   null ]
92 verbose cache add spec curve25519@git://github.com/KhaosT/node-curve25519.git
93 silly fetchOtherPackageData ed25519@git://github.com/KhaosT/ed25519.git
94 silly cache add args [ 'ed25519@git://github.com/KhaosT/ed25519.git', null ]
95 verbose cache add spec ed25519@git://github.com/KhaosT/ed25519.git
96 silly fetchOtherPackageData srp@git://github.com/KhaosT/node-srp.git
97 silly cache add args [ 'srp@git://github.com/KhaosT/node-srp.git', null ]
98 verbose cache add spec srp@git://github.com/KhaosT/node-srp.git
99 verbose request uri https://registry.npmjs.org/debug
100 verbose request no auth needed
101 info attempt registry request try #1 at 14:52:51
102 http request GET https://registry.npmjs.org/debug
103 verbose request uri https://registry.npmjs.org/mdns
104 verbose request no auth needed
105 info attempt registry request try #1 at 14:52:51
106 http request GET https://registry.npmjs.org/mdns
107 verbose request uri https://registry.npmjs.org/node-persist
108 verbose request no auth needed
109 info attempt registry request try #1 at 14:52:51
110 http request GET https://registry.npmjs.org/node-persist
111 silly cache add parsed spec Result {
111 silly cache add   raw: 'curve25519@git://github.com/KhaosT/node-curve25519.git',
111 silly cache add   scope: null,
111 silly cache add   escapedName: 'curve25519',
111 silly cache add   name: 'curve25519',
111 silly cache add   rawSpec: 'git://github.com/KhaosT/node-curve25519.git',
111 silly cache add   spec: 'git://github.com/KhaosT/node-curve25519.git',
111 silly cache add   type: 'hosted',
111 silly cache add   hosted:
111 silly cache add    { type: 'github',
111 silly cache add      ssh: 'git@github.com:KhaosT/node-curve25519.git',
111 silly cache add      sshUrl: 'git+ssh://git@github.com/KhaosT/node-curve25519.git',
111 silly cache add      httpsUrl: 'git+https://github.com/KhaosT/node-curve25519.git',
111 silly cache add      gitUrl: 'git://github.com/KhaosT/node-curve25519.git',
111 silly cache add      shortcut: 'github:KhaosT/node-curve25519',
111 silly cache add      directUrl: 'https://raw.githubusercontent.com/KhaosT/node-curve25519/master/package.json' } }
112 verbose addRemoteGit caching git://github.com/KhaosT/node-curve25519.git
113 verbose addRemoteGit git://github.com/KhaosT/node-curve25519.git is a repository hosted by github
114 silly tryClone cloning git://github.com/KhaosT/node-curve25519.git via git://github.com/KhaosT/node-curve25519.git
115 verbose tryClone git-github-com-KhaosT-node-curve25519-git-0d5915d0 not in flight; caching
116 verbose correctMkdir /Users/chris/.npm/_git-remotes correctMkdir not in flight; initializing
117 silly cache add parsed spec Result {
117 silly cache add   raw: 'ed25519@git://github.com/KhaosT/ed25519.git',
117 silly cache add   scope: null,
117 silly cache add   escapedName: 'ed25519',
117 silly cache add   name: 'ed25519',
117 silly cache add   rawSpec: 'git://github.com/KhaosT/ed25519.git',
117 silly cache add   spec: 'git://github.com/KhaosT/ed25519.git',
117 silly cache add   type: 'hosted',
117 silly cache add   hosted:
117 silly cache add    { type: 'github',
117 silly cache add      ssh: 'git@github.com:KhaosT/ed25519.git',
117 silly cache add      sshUrl: 'git+ssh://git@github.com/KhaosT/ed25519.git',
117 silly cache add      httpsUrl: 'git+https://github.com/KhaosT/ed25519.git',
117 silly cache add      gitUrl: 'git://github.com/KhaosT/ed25519.git',
117 silly cache add      shortcut: 'github:KhaosT/ed25519',
117 silly cache add      directUrl: 'https://raw.githubusercontent.com/KhaosT/ed25519/master/package.json' } }
118 verbose addRemoteGit caching git://github.com/KhaosT/ed25519.git
119 verbose addRemoteGit git://github.com/KhaosT/ed25519.git is a repository hosted by github
120 silly tryClone cloning git://github.com/KhaosT/ed25519.git via git://github.com/KhaosT/ed25519.git
121 verbose tryClone git-github-com-KhaosT-ed25519-git-b795f4e8 not in flight; caching
122 verbose correctMkdir /Users/chris/.npm/_git-remotes correctMkdir already in flight; waiting
123 silly cache add parsed spec Result {
123 silly cache add   raw: 'srp@git://github.com/KhaosT/node-srp.git',
123 silly cache add   scope: null,
123 silly cache add   escapedName: 'srp',
123 silly cache add   name: 'srp',
123 silly cache add   rawSpec: 'git://github.com/KhaosT/node-srp.git',
123 silly cache add   spec: 'git://github.com/KhaosT/node-srp.git',
123 silly cache add   type: 'hosted',
123 silly cache add   hosted:
123 silly cache add    { type: 'github',
123 silly cache add      ssh: 'git@github.com:KhaosT/node-srp.git',
123 silly cache add      sshUrl: 'git+ssh://git@github.com/KhaosT/node-srp.git',
123 silly cache add      httpsUrl: 'git+https://github.com/KhaosT/node-srp.git',
123 silly cache add      gitUrl: 'git://github.com/KhaosT/node-srp.git',
123 silly cache add      shortcut: 'github:KhaosT/node-srp',
123 silly cache add      directUrl: 'https://raw.githubusercontent.com/KhaosT/node-srp/master/package.json' } }
124 verbose addRemoteGit caching git://github.com/KhaosT/node-srp.git
125 verbose addRemoteGit git://github.com/KhaosT/node-srp.git is a repository hosted by github
126 silly tryClone cloning git://github.com/KhaosT/node-srp.git via git://github.com/KhaosT/node-srp.git
127 verbose tryClone git-github-com-KhaosT-node-srp-git-7ab735e3 not in flight; caching
128 verbose correctMkdir /Users/chris/.npm/_git-remotes correctMkdir already in flight; waiting
129 verbose makeDirectory /Users/chris/.npm/_git-remotes creation not in flight; initializing
130 silly makeDirectory /Users/chris/.npm/_git-remotes uid: 501 gid: 20
131 info git [ 'clone',
131 info git   '--template=/Users/chris/.npm/_git-remotes/_templates',
131 info git   '--mirror',
131 info git   'git://github.com/KhaosT/node-curve25519.git',
131 info git   '/Users/chris/.npm/_git-remotes/git-github-com-KhaosT-node-curve25519-git-0d5915d0' ]
132 info git [ 'clone',
132 info git   '--template=/Users/chris/.npm/_git-remotes/_templates',
132 info git   '--mirror',
132 info git   'git://github.com/KhaosT/node-srp.git',
132 info git   '/Users/chris/.npm/_git-remotes/git-github-com-KhaosT-node-srp-git-7ab735e3' ]
133 info git [ 'clone',
133 info git   '--template=/Users/chris/.npm/_git-remotes/_templates',
133 info git   '--mirror',
133 info git   'git://github.com/KhaosT/ed25519.git',
133 info git   '/Users/chris/.npm/_git-remotes/git-github-com-KhaosT-ed25519-git-b795f4e8' ]
134 error git clone --template=/Users/chris/.npm/_git-remotes/_templates --mirror git://github.com/KhaosT/node-curve25519.git /Users/chris/.npm/_git-remotes/git-github-com-KhaosT-node-curve25519-git-0d5915d0: xcode-select: note: no developer tools were found at '/Applications/Xcode.app', requesting install. Choose an option in the dialog to download the command line developer tools.
135 silly fetchPackageMetaData Error: Command failed: git clone --template=/Users/chris/.npm/_git-remotes/_templates --mirror git://github.com/KhaosT/node-curve25519.git /Users/chris/.npm/_git-remotes/git-github-com-KhaosT-node-curve25519-git-0d5915d0
135 silly fetchPackageMetaData xcode-select: note: no developer tools were found at '/Applications/Xcode.app', requesting install. Choose an option in the dialog to download the command line developer tools.
135 silly fetchPackageMetaData
135 silly fetchPackageMetaData     at ChildProcess.exithandler (child_process.js:206:12)
135 silly fetchPackageMetaData     at emitTwo (events.js:106:13)
135 silly fetchPackageMetaData     at ChildProcess.emit (events.js:191:7)
135 silly fetchPackageMetaData     at maybeClose (internal/child_process.js:877:16)
135 silly fetchPackageMetaData     at Socket.<anonymous> (internal/child_process.js:334:11)
135 silly fetchPackageMetaData     at emitOne (events.js:96:13)
135 silly fetchPackageMetaData     at Socket.emit (events.js:188:7)
135 silly fetchPackageMetaData     at Pipe._handle.close [as _onclose] (net.js:493:12)
135 silly fetchPackageMetaData  error for curve25519@git://github.com/KhaosT/node-curve25519.git { Error: Command failed: git clone --template=/Users/chris/.npm/_git-remotes/_templates --mirror git://github.com/KhaosT/node-curve25519.git /Users/chris/.npm/_git-remotes/git-github-com-KhaosT-node-curve25519-git-0d5915d0
135 silly fetchPackageMetaData xcode-select: note: no developer tools were found at '/Applications/Xcode.app', requesting install. Choose an option in the dialog to download the command line developer tools.
135 silly fetchPackageMetaData
135 silly fetchPackageMetaData     at ChildProcess.exithandler (child_process.js:206:12)
135 silly fetchPackageMetaData     at emitTwo (events.js:106:13)
135 silly fetchPackageMetaData     at ChildProcess.emit (events.js:191:7)
135 silly fetchPackageMetaData     at maybeClose (internal/child_process.js:877:16)
135 silly fetchPackageMetaData     at Socket.<anonymous> (internal/child_process.js:334:11)
135 silly fetchPackageMetaData     at emitOne (events.js:96:13)
135 silly fetchPackageMetaData     at Socket.emit (events.js:188:7)
135 silly fetchPackageMetaData     at Pipe._handle.close [as _onclose] (net.js:493:12)
135 silly fetchPackageMetaData   killed: false,
135 silly fetchPackageMetaData   code: 1,
135 silly fetchPackageMetaData   signal: null,
135 silly fetchPackageMetaData   cmd: 'git clone --template=/Users/chris/.npm/_git-remotes/_templates --mirror git://github.com/KhaosT/node-curve25519.git /Users/chris/.npm/_git-remotes/git-github-com-KhaosT-node-curve25519-git-0d5915d0' }
136 error git clone --template=/Users/chris/.npm/_git-remotes/_templates --mirror git://github.com/KhaosT/ed25519.git /Users/chris/.npm/_git-remotes/git-github-com-KhaosT-ed25519-git-b795f4e8: xcode-select: note: no developer tools were found at '/Applications/Xcode.app', requesting install. Choose an option in the dialog to download the command line developer tools.
137 silly fetchPackageMetaData Error: Command failed: git clone --template=/Users/chris/.npm/_git-remotes/_templates --mirror git://github.com/KhaosT/ed25519.git /Users/chris/.npm/_git-remotes/git-github-com-KhaosT-ed25519-git-b795f4e8
137 silly fetchPackageMetaData xcode-select: note: no developer tools were found at '/Applications/Xcode.app', requesting install. Choose an option in the dialog to download the command line developer tools.
137 silly fetchPackageMetaData
137 silly fetchPackageMetaData     at ChildProcess.exithandler (child_process.js:206:12)
137 silly fetchPackageMetaData     at emitTwo (events.js:106:13)
137 silly fetchPackageMetaData     at ChildProcess.emit (events.js:191:7)
137 silly fetchPackageMetaData     at maybeClose (internal/child_process.js:877:16)
137 silly fetchPackageMetaData     at Socket.<anonymous> (internal/child_process.js:334:11)
137 silly fetchPackageMetaData     at emitOne (events.js:96:13)
137 silly fetchPackageMetaData     at Socket.emit (events.js:188:7)
137 silly fetchPackageMetaData     at Pipe._handle.close [as _onclose] (net.js:493:12)
137 silly fetchPackageMetaData  error for ed25519@git://github.com/KhaosT/ed25519.git { Error: Command failed: git clone --template=/Users/chris/.npm/_git-remotes/_templates --mirror git://github.com/KhaosT/ed25519.git /Users/chris/.npm/_git-remotes/git-github-com-KhaosT-ed25519-git-b795f4e8
137 silly fetchPackageMetaData xcode-select: note: no developer tools were found at '/Applications/Xcode.app', requesting install. Choose an option in the dialog to download the command line developer tools.
137 silly fetchPackageMetaData
137 silly fetchPackageMetaData     at ChildProcess.exithandler (child_process.js:206:12)
137 silly fetchPackageMetaData     at emitTwo (events.js:106:13)
137 silly fetchPackageMetaData     at ChildProcess.emit (events.js:191:7)
137 silly fetchPackageMetaData     at maybeClose (internal/child_process.js:877:16)
137 silly fetchPackageMetaData     at Socket.<anonymous> (internal/child_process.js:334:11)
137 silly fetchPackageMetaData     at emitOne (events.js:96:13)
137 silly fetchPackageMetaData     at Socket.emit (events.js:188:7)
137 silly fetchPackageMetaData     at Pipe._handle.close [as _onclose] (net.js:493:12)
137 silly fetchPackageMetaData   killed: false,
137 silly fetchPackageMetaData   code: 1,
137 silly fetchPackageMetaData   signal: null,
137 silly fetchPackageMetaData   cmd: 'git clone --template=/Users/chris/.npm/_git-remotes/_templates --mirror git://github.com/KhaosT/ed25519.git /Users/chris/.npm/_git-remotes/git-github-com-KhaosT-ed25519-git-b795f4e8' }
138 error git clone --template=/Users/chris/.npm/_git-remotes/_templates --mirror git://github.com/KhaosT/node-srp.git /Users/chris/.npm/_git-remotes/git-github-com-KhaosT-node-srp-git-7ab735e3: xcode-select: note: no developer tools were found at '/Applications/Xcode.app', requesting install. Choose an option in the dialog to download the command line developer tools.
139 silly fetchPackageMetaData Error: Command failed: git clone --template=/Users/chris/.npm/_git-remotes/_templates --mirror git://github.com/KhaosT/node-srp.git /Users/chris/.npm/_git-remotes/git-github-com-KhaosT-node-srp-git-7ab735e3
139 silly fetchPackageMetaData xcode-select: note: no developer tools were found at '/Applications/Xcode.app', requesting install. Choose an option in the dialog to download the command line developer tools.
139 silly fetchPackageMetaData
139 silly fetchPackageMetaData     at ChildProcess.exithandler (child_process.js:206:12)
139 silly fetchPackageMetaData     at emitTwo (events.js:106:13)
139 silly fetchPackageMetaData     at ChildProcess.emit (events.js:191:7)
139 silly fetchPackageMetaData     at maybeClose (internal/child_process.js:877:16)
139 silly fetchPackageMetaData     at Socket.<anonymous> (internal/child_process.js:334:11)
139 silly fetchPackageMetaData     at emitOne (events.js:96:13)
139 silly fetchPackageMetaData     at Socket.emit (events.js:188:7)
139 silly fetchPackageMetaData     at Pipe._handle.close [as _onclose] (net.js:493:12)
139 silly fetchPackageMetaData  error for srp@git://github.com/KhaosT/node-srp.git { Error: Command failed: git clone --template=/Users/chris/.npm/_git-remotes/_templates --mirror git://github.com/KhaosT/node-srp.git /Users/chris/.npm/_git-remotes/git-github-com-KhaosT-node-srp-git-7ab735e3
139 silly fetchPackageMetaData xcode-select: note: no developer tools were found at '/Applications/Xcode.app', requesting install. Choose an option in the dialog to download the command line developer tools.
139 silly fetchPackageMetaData
139 silly fetchPackageMetaData     at ChildProcess.exithandler (child_process.js:206:12)
139 silly fetchPackageMetaData     at emitTwo (events.js:106:13)
139 silly fetchPackageMetaData     at ChildProcess.emit (events.js:191:7)
139 silly fetchPackageMetaData     at maybeClose (internal/child_process.js:877:16)
139 silly fetchPackageMetaData     at Socket.<anonymous> (internal/child_process.js:334:11)
139 silly fetchPackageMetaData     at emitOne (events.js:96:13)
139 silly fetchPackageMetaData     at Socket.emit (events.js:188:7)
139 silly fetchPackageMetaData     at Pipe._handle.close [as _onclose] (net.js:493:12)
139 silly fetchPackageMetaData   killed: false,
139 silly fetchPackageMetaData   code: 1,
139 silly fetchPackageMetaData   signal: null,
139 silly fetchPackageMetaData   cmd: 'git clone --template=/Users/chris/.npm/_git-remotes/_templates --mirror git://github.com/KhaosT/node-srp.git /Users/chris/.npm/_git-remotes/git-github-com-KhaosT-node-srp-git-7ab735e3' }
140 http 200 https://registry.npmjs.org/debug
141 verbose headers { server: 'CouchDB/1.5.0 (Erlang OTP/R16B03)',
141 verbose headers   etag: '"2BHBTF8ZAKNQD1URL8IHK2HO3"',
141 verbose headers   'content-type': 'application/json',
141 verbose headers   'content-encoding': 'gzip',
141 verbose headers   'cache-control': 'max-age=300',
141 verbose headers   'content-length': '9479',
141 verbose headers   'accept-ranges': 'bytes',
141 verbose headers   date: 'Wed, 21 Sep 2016 12:52:51 GMT',
141 verbose headers   via: '1.1 varnish',
141 verbose headers   age: '290',
141 verbose headers   connection: 'keep-alive',
141 verbose headers   'x-served-by': 'cache-fra1222-FRA',
141 verbose headers   'x-cache': 'HIT',
141 verbose headers   'x-cache-hits': '46',
141 verbose headers   'x-timer': 'S1474462371.721147,VS0,VE0',
141 verbose headers   vary: 'Accept-Encoding' }
142 silly get cb [ 200,
142 silly get   { server: 'CouchDB/1.5.0 (Erlang OTP/R16B03)',
142 silly get     etag: '"2BHBTF8ZAKNQD1URL8IHK2HO3"',
142 silly get     'content-type': 'application/json',
142 silly get     'content-encoding': 'gzip',
142 silly get     'cache-control': 'max-age=300',
142 silly get     'content-length': '9479',
142 silly get     'accept-ranges': 'bytes',
142 silly get     date: 'Wed, 21 Sep 2016 12:52:51 GMT',
142 silly get     via: '1.1 varnish',
142 silly get     age: '290',
142 silly get     connection: 'keep-alive',
142 silly get     'x-served-by': 'cache-fra1222-FRA',
142 silly get     'x-cache': 'HIT',
142 silly get     'x-cache-hits': '46',
142 silly get     'x-timer': 'S1474462371.721147,VS0,VE0',
142 silly get     vary: 'Accept-Encoding' } ]
143 verbose get saving debug to /Users/chris/.npm/registry.npmjs.org/debug/.cache.json
144 verbose correctMkdir /Users/chris/.npm correctMkdir not in flight; initializing
145 silly resolveWithNewModule debug@2.2.0 checking installable status
146 silly cache add args [ 'debug@^2.2.0', null ]
147 verbose cache add spec debug@^2.2.0
148 silly cache add parsed spec Result {
148 silly cache add   raw: 'debug@^2.2.0',
148 silly cache add   scope: null,
148 silly cache add   escapedName: 'debug',
148 silly cache add   name: 'debug',
148 silly cache add   rawSpec: '^2.2.0',
148 silly cache add   spec: '>=2.2.0 <3.0.0',
148 silly cache add   type: 'range' }
149 silly addNamed debug@>=2.2.0 <3.0.0
150 verbose addNamed ">=2.2.0 <3.0.0" is a valid semver range for debug
151 silly addNameRange { name: 'debug', range: '>=2.2.0 <3.0.0', hasData: false }
152 silly mapToRegistry name debug
153 silly mapToRegistry using default registry
154 silly mapToRegistry registry https://registry.npmjs.org/
155 silly mapToRegistry data Result {
155 silly mapToRegistry   raw: 'debug',
155 silly mapToRegistry   scope: null,
155 silly mapToRegistry   escapedName: 'debug',
155 silly mapToRegistry   name: 'debug',
155 silly mapToRegistry   rawSpec: '',
155 silly mapToRegistry   spec: 'latest',
155 silly mapToRegistry   type: 'tag' }
156 silly mapToRegistry uri https://registry.npmjs.org/debug
157 verbose addNameRange registry:https://registry.npmjs.org/debug not in flight; fetching
158 verbose get https://registry.npmjs.org/debug not expired, no request
159 silly addNameRange number 2 { name: 'debug', range: '>=2.2.0 <3.0.0', hasData: true }
160 silly addNameRange versions [ 'debug',
160 silly addNameRange   [ '0.0.1',
160 silly addNameRange     '0.1.0',
160 silly addNameRange     '0.2.0',
160 silly addNameRange     '0.3.0',
160 silly addNameRange     '0.4.0',
160 silly addNameRange     '0.4.1',
160 silly addNameRange     '0.5.0',
160 silly addNameRange     '0.6.0',
160 silly addNameRange     '0.7.0',
160 silly addNameRange     '0.7.1',
160 silly addNameRange     '0.7.2',
160 silly addNameRange     '0.7.3',
160 silly addNameRange     '0.7.4',
160 silly addNameRange     '0.8.0',
160 silly addNameRange     '0.8.1',
160 silly addNameRange     '1.0.0',
160 silly addNameRange     '1.0.1',
160 silly addNameRange     '1.0.2',
160 silly addNameRange     '1.0.3',
160 silly addNameRange     '1.0.4',
160 silly addNameRange     '2.0.0',
160 silly addNameRange     '2.1.0',
160 silly addNameRange     '2.1.1',
160 silly addNameRange     '2.1.2',
160 silly addNameRange     '2.1.3',
160 silly addNameRange     '2.2.0' ] ]
161 silly addNamed debug@2.2.0
162 verbose addNamed "2.2.0" is a plain semver version for debug
163 http 200 https://registry.npmjs.org/node-persist
164 verbose headers { server: 'CouchDB/1.5.0 (Erlang OTP/R16B03)',
164 verbose headers   etag: '"ANSWPMWFUQWPIK35S0NM2XLV6"',
164 verbose headers   'content-type': 'application/json',
164 verbose headers   'content-encoding': 'gzip',
164 verbose headers   'cache-control': 'max-age=300',
164 verbose headers   'content-length': '7398',
164 verbose headers   'accept-ranges': 'bytes',
164 verbose headers   date: 'Wed, 21 Sep 2016 12:52:51 GMT',
164 verbose headers   via: '1.1 varnish',
164 verbose headers   age: '4',
164 verbose headers   connection: 'keep-alive',
164 verbose headers   'x-served-by': 'cache-fra1251-FRA',
164 verbose headers   'x-cache': 'HIT',
164 verbose headers   'x-cache-hits': '1',
164 verbose headers   'x-timer': 'S1474462371.870665,VS0,VE0',
164 verbose headers   vary: 'Accept-Encoding' }
165 silly get cb [ 200,
165 silly get   { server: 'CouchDB/1.5.0 (Erlang OTP/R16B03)',
165 silly get     etag: '"ANSWPMWFUQWPIK35S0NM2XLV6"',
165 silly get     'content-type': 'application/json',
165 silly get     'content-encoding': 'gzip',
165 silly get     'cache-control': 'max-age=300',
165 silly get     'content-length': '7398',
165 silly get     'accept-ranges': 'bytes',
165 silly get     date: 'Wed, 21 Sep 2016 12:52:51 GMT',
165 silly get     via: '1.1 varnish',
165 silly get     age: '4',
165 silly get     connection: 'keep-alive',
165 silly get     'x-served-by': 'cache-fra1251-FRA',
165 silly get     'x-cache': 'HIT',
165 silly get     'x-cache-hits': '1',
165 silly get     'x-timer': 'S1474462371.870665,VS0,VE0',
165 silly get     vary: 'Accept-Encoding' } ]
166 verbose get saving node-persist to /Users/chris/.npm/registry.npmjs.org/node-persist/.cache.json
167 verbose correctMkdir /Users/chris/.npm correctMkdir not in flight; initializing
168 http 200 https://registry.npmjs.org/mdns
169 verbose headers { server: 'CouchDB/1.5.0 (Erlang OTP/R16B03)',
169 verbose headers   etag: '"99T0DCYPOHYSN5PYNK0E3B65"',
169 verbose headers   'content-type': 'application/json',
169 verbose headers   'content-encoding': 'gzip',
169 verbose headers   'cache-control': 'max-age=300',
169 verbose headers   'content-length': '6209',
169 verbose headers   'accept-ranges': 'bytes',
169 verbose headers   date: 'Wed, 21 Sep 2016 12:52:51 GMT',
169 verbose headers   via: '1.1 varnish',
169 verbose headers   age: '4',
169 verbose headers   connection: 'keep-alive',
169 verbose headers   'x-served-by': 'cache-fra1238-FRA',
169 verbose headers   'x-cache': 'HIT',
169 verbose headers   'x-cache-hits': '1',
169 verbose headers   'x-timer': 'S1474462371.870361,VS0,VE0',
169 verbose headers   vary: 'Accept-Encoding' }
170 silly get cb [ 200,
170 silly get   { server: 'CouchDB/1.5.0 (Erlang OTP/R16B03)',
170 silly get     etag: '"99T0DCYPOHYSN5PYNK0E3B65"',
170 silly get     'content-type': 'application/json',
170 silly get     'content-encoding': 'gzip',
170 silly get     'cache-control': 'max-age=300',
170 silly get     'content-length': '6209',
170 silly get     'accept-ranges': 'bytes',
170 silly get     date: 'Wed, 21 Sep 2016 12:52:51 GMT',
170 silly get     via: '1.1 varnish',
170 silly get     age: '4',
170 silly get     connection: 'keep-alive',
170 silly get     'x-served-by': 'cache-fra1238-FRA',
170 silly get     'x-cache': 'HIT',
170 silly get     'x-cache-hits': '1',
170 silly get     'x-timer': 'S1474462371.870361,VS0,VE0',
170 silly get     vary: 'Accept-Encoding' } ]
171 verbose get saving mdns to /Users/chris/.npm/registry.npmjs.org/mdns/.cache.json
172 verbose correctMkdir /Users/chris/.npm correctMkdir not in flight; initializing
173 silly mapToRegistry name debug
174 silly mapToRegistry using default registry
175 silly mapToRegistry registry https://registry.npmjs.org/
176 silly mapToRegistry data Result {
176 silly mapToRegistry   raw: 'debug',
176 silly mapToRegistry   scope: null,
176 silly mapToRegistry   escapedName: 'debug',
176 silly mapToRegistry   name: 'debug',
176 silly mapToRegistry   rawSpec: '',
176 silly mapToRegistry   spec: 'latest',
176 silly mapToRegistry   type: 'tag' }
177 silly mapToRegistry uri https://registry.npmjs.org/debug
178 verbose addRemoteTarball https://registry.npmjs.org/debug/-/debug-2.2.0.tgz not in flight; adding
179 verbose addRemoteTarball [ 'https://registry.npmjs.org/debug/-/debug-2.2.0.tgz',
179 verbose addRemoteTarball   'f87057e995b1a1f6ae6a4960664137bc56f039da' ]
180 info retry fetch attempt 1 at 14:52:51
181 info attempt registry request try #1 at 14:52:51
182 http fetch GET https://registry.npmjs.org/debug/-/debug-2.2.0.tgz
183 silly resolveWithNewModule node-persist@0.0.8 checking installable status
184 silly cache add args [ 'node-persist@^0.0.8', null ]
185 verbose cache add spec node-persist@^0.0.8
186 silly cache add parsed spec Result {
186 silly cache add   raw: 'node-persist@^0.0.8',
186 silly cache add   scope: null,
186 silly cache add   escapedName: 'node-persist',
186 silly cache add   name: 'node-persist',
186 silly cache add   rawSpec: '^0.0.8',
186 silly cache add   spec: '>=0.0.8 <0.0.9',
186 silly cache add   type: 'range' }
187 silly addNamed node-persist@>=0.0.8 <0.0.9
188 verbose addNamed ">=0.0.8 <0.0.9" is a valid semver range for node-persist
189 silly addNameRange { name: 'node-persist', range: '>=0.0.8 <0.0.9', hasData: false }
190 silly mapToRegistry name node-persist
191 silly mapToRegistry using default registry
192 silly mapToRegistry registry https://registry.npmjs.org/
193 silly mapToRegistry data Result {
193 silly mapToRegistry   raw: 'node-persist',
193 silly mapToRegistry   scope: null,
193 silly mapToRegistry   escapedName: 'node-persist',
193 silly mapToRegistry   name: 'node-persist',
193 silly mapToRegistry   rawSpec: '',
193 silly mapToRegistry   spec: 'latest',
193 silly mapToRegistry   type: 'tag' }
194 silly mapToRegistry uri https://registry.npmjs.org/node-persist
195 verbose addNameRange registry:https://registry.npmjs.org/node-persist not in flight; fetching
196 silly resolveWithNewModule mdns@2.3.3 checking installable status
197 silly cache add args [ 'mdns@^2.3.2', null ]
198 verbose cache add spec mdns@^2.3.2
199 silly cache add parsed spec Result {
199 silly cache add   raw: 'mdns@^2.3.2',
199 silly cache add   scope: null,
199 silly cache add   escapedName: 'mdns',
199 silly cache add   name: 'mdns',
199 silly cache add   rawSpec: '^2.3.2',
199 silly cache add   spec: '>=2.3.2 <3.0.0',
199 silly cache add   type: 'range' }
200 silly addNamed mdns@>=2.3.2 <3.0.0
201 verbose addNamed ">=2.3.2 <3.0.0" is a valid semver range for mdns
202 silly addNameRange { name: 'mdns', range: '>=2.3.2 <3.0.0', hasData: false }
203 silly mapToRegistry name mdns
204 silly mapToRegistry using default registry
205 silly mapToRegistry registry https://registry.npmjs.org/
206 silly mapToRegistry data Result {
206 silly mapToRegistry   raw: 'mdns',
206 silly mapToRegistry   scope: null,
206 silly mapToRegistry   escapedName: 'mdns',
206 silly mapToRegistry   name: 'mdns',
206 silly mapToRegistry   rawSpec: '',
206 silly mapToRegistry   spec: 'latest',
206 silly mapToRegistry   type: 'tag' }
207 silly mapToRegistry uri https://registry.npmjs.org/mdns
208 verbose addNameRange registry:https://registry.npmjs.org/mdns not in flight; fetching
209 http fetch 200 https://registry.npmjs.org/debug/-/debug-2.2.0.tgz
210 verbose get https://registry.npmjs.org/node-persist not expired, no request
211 silly addNameRange number 2 { name: 'node-persist', range: '>=0.0.8 <0.0.9', hasData: true }
212 silly addNameRange versions [ 'node-persist',
212 silly addNameRange   [ '0.0.0',
212 silly addNameRange     '0.0.1',
212 silly addNameRange     '0.0.2',
212 silly addNameRange     '0.0.3',
212 silly addNameRange     '0.0.4',
212 silly addNameRange     '0.0.5',
212 silly addNameRange     '0.0.6',
212 silly addNameRange     '0.0.7',
212 silly addNameRange     '0.0.8',
212 silly addNameRange     '0.0.10',
212 silly addNameRange     '0.0.11',
212 silly addNameRange     '0.0.12',
212 silly addNameRange     '1.0.0',
212 silly addNameRange     '1.0.1',
212 silly addNameRange     '2.0.0',
212 silly addNameRange     '2.0.1',
212 silly addNameRange     '2.0.2' ] ]
213 silly addNamed node-persist@0.0.8
214 verbose addNamed "0.0.8" is a plain semver version for node-persist
215 verbose get https://registry.npmjs.org/mdns not expired, no request
216 silly addNameRange number 2 { name: 'mdns', range: '>=2.3.2 <3.0.0', hasData: true }
217 silly addNameRange versions [ 'mdns',
217 silly addNameRange   [ '0.0.3',
217 silly addNameRange     '0.0.4',
217 silly addNameRange     '0.0.5',
217 silly addNameRange     '0.0.6',
217 silly addNameRange     '0.0.7',
217 silly addNameRange     '1.0.0',
217 silly addNameRange     '1.1.0',
217 silly addNameRange     '2.2.0',
217 silly addNameRange     '2.2.1',
217 silly addNameRange     '2.2.2',
217 silly addNameRange     '2.2.3',
217 silly addNameRange     '2.2.4',
217 silly addNameRange     '2.2.5',
217 silly addNameRange     '2.2.6',
217 silly addNameRange     '2.2.7',
217 silly addNameRange     '2.2.8',
217 silly addNameRange     '2.2.9',
217 silly addNameRange     '2.2.10',
217 silly addNameRange     '2.2.11',
217 silly addNameRange     '2.3.0',
217 silly addNameRange     '2.3.1',
217 silly addNameRange     '2.3.2',
217 silly addNameRange     '2.3.3' ] ]
218 silly addNamed mdns@2.3.3
219 verbose addNamed "2.3.3" is a plain semver version for mdns
220 silly fetchAndShaCheck shasum f87057e995b1a1f6ae6a4960664137bc56f039da
221 silly mapToRegistry name node-persist
222 silly mapToRegistry using default registry
223 silly mapToRegistry registry https://registry.npmjs.org/
224 silly mapToRegistry data Result {
224 silly mapToRegistry   raw: 'node-persist',
224 silly mapToRegistry   scope: null,
224 silly mapToRegistry   escapedName: 'node-persist',
224 silly mapToRegistry   name: 'node-persist',
224 silly mapToRegistry   rawSpec: '',
224 silly mapToRegistry   spec: 'latest',
224 silly mapToRegistry   type: 'tag' }
225 silly mapToRegistry uri https://registry.npmjs.org/node-persist
226 verbose addRemoteTarball https://registry.npmjs.org/node-persist/-/node-persist-0.0.8.tgz not in flight; adding
227 verbose addRemoteTarball [ 'https://registry.npmjs.org/node-persist/-/node-persist-0.0.8.tgz',
227 verbose addRemoteTarball   'a56c739bc6ffd9ceef19c0e8d89597917f089249' ]
228 silly mapToRegistry name mdns
229 silly mapToRegistry using default registry
230 silly mapToRegistry registry https://registry.npmjs.org/
231 silly mapToRegistry data Result {
231 silly mapToRegistry   raw: 'mdns',
231 silly mapToRegistry   scope: null,
231 silly mapToRegistry   escapedName: 'mdns',
231 silly mapToRegistry   name: 'mdns',
231 silly mapToRegistry   rawSpec: '',
231 silly mapToRegistry   spec: 'latest',
231 silly mapToRegistry   type: 'tag' }
232 silly mapToRegistry uri https://registry.npmjs.org/mdns
233 verbose addRemoteTarball https://registry.npmjs.org/mdns/-/mdns-2.3.3.tgz not in flight; adding
234 verbose addRemoteTarball [ 'https://registry.npmjs.org/mdns/-/mdns-2.3.3.tgz',
234 verbose addRemoteTarball   'bbc6ad5407a230133d62e0da692f29f0bd49728e' ]
235 verbose addTmpTarball /var/folders/hx/845qj4x90bb7w_gp891vxs9h0000gn/T/npm-67773-9ac8d9e0/registry.npmjs.org/debug/-/debug-2.2.0.tgz not in flight; adding
236 verbose addTmpTarball already have metadata; skipping unpack for debug@2.2.0
237 verbose correctMkdir /Users/chris/.npm correctMkdir not in flight; initializing
238 info retry fetch attempt 1 at 14:52:52
239 info attempt registry request try #1 at 14:52:52
240 http fetch GET https://registry.npmjs.org/node-persist/-/node-persist-0.0.8.tgz
241 info retry fetch attempt 1 at 14:52:52
242 info attempt registry request try #1 at 14:52:52
243 http fetch GET https://registry.npmjs.org/mdns/-/mdns-2.3.3.tgz
244 silly cache afterAdd debug@2.2.0
245 verbose afterAdd /Users/chris/.npm/debug/2.2.0/package/package.json not in flight; writing
246 verbose correctMkdir /Users/chris/.npm correctMkdir not in flight; initializing
247 verbose afterAdd /Users/chris/.npm/debug/2.2.0/package/package.json written
248 http fetch 200 https://registry.npmjs.org/node-persist/-/node-persist-0.0.8.tgz
249 http fetch 200 https://registry.npmjs.org/mdns/-/mdns-2.3.3.tgz
250 silly fetchAndShaCheck shasum a56c739bc6ffd9ceef19c0e8d89597917f089249
251 verbose addTmpTarball /var/folders/hx/845qj4x90bb7w_gp891vxs9h0000gn/T/npm-67773-9ac8d9e0/registry.npmjs.org/node-persist/-/node-persist-0.0.8.tgz not in flight; adding
252 verbose addTmpTarball already have metadata; skipping unpack for node-persist@0.0.8
253 verbose correctMkdir /Users/chris/.npm correctMkdir not in flight; initializing
254 silly cache afterAdd node-persist@0.0.8
255 verbose afterAdd /Users/chris/.npm/node-persist/0.0.8/package/package.json not in flight; writing
256 verbose correctMkdir /Users/chris/.npm correctMkdir not in flight; initializing
257 verbose afterAdd /Users/chris/.npm/node-persist/0.0.8/package/package.json written
258 silly fetchAndShaCheck shasum bbc6ad5407a230133d62e0da692f29f0bd49728e
259 verbose addTmpTarball /var/folders/hx/845qj4x90bb7w_gp891vxs9h0000gn/T/npm-67773-9ac8d9e0/registry.npmjs.org/mdns/-/mdns-2.3.3.tgz not in flight; adding
260 verbose addTmpTarball already have metadata; skipping unpack for mdns@2.3.3
261 verbose correctMkdir /Users/chris/.npm correctMkdir not in flight; initializing
262 silly cache afterAdd mdns@2.3.3
263 verbose afterAdd /Users/chris/.npm/mdns/2.3.3/package/package.json not in flight; writing
264 verbose correctMkdir /Users/chris/.npm correctMkdir not in flight; initializing
265 verbose afterAdd /Users/chris/.npm/mdns/2.3.3/package/package.json written
266 silly rollbackFailedOptional Starting
267 silly rollbackFailedOptional Finishing
268 silly runTopLevelLifecycles Starting
269 silly runTopLevelLifecycles Finishing
270 silly install printInstalled
271 verbose stack Error: Command failed: git clone --template=/Users/chris/.npm/_git-remotes/_templates --mirror git://github.com/KhaosT/node-curve25519.git /Users/chris/.npm/_git-remotes/git-github-com-KhaosT-node-curve25519-git-0d5915d0
271 verbose stack xcode-select: note: no developer tools were found at '/Applications/Xcode.app', requesting install. Choose an option in the dialog to download the command line developer tools.
271 verbose stack
271 verbose stack     at ChildProcess.exithandler (child_process.js:206:12)
271 verbose stack     at emitTwo (events.js:106:13)
271 verbose stack     at ChildProcess.emit (events.js:191:7)
271 verbose stack     at maybeClose (internal/child_process.js:877:16)
271 verbose stack     at Socket.<anonymous> (internal/child_process.js:334:11)
271 verbose stack     at emitOne (events.js:96:13)
271 verbose stack     at Socket.emit (events.js:188:7)
271 verbose stack     at Pipe._handle.close [as _onclose] (net.js:493:12)
272 verbose cwd /Users/chris/workspace/homebridge-lightify
273 error Darwin 15.5.0
274 error argv "/usr/local/bin/node" "/usr/local/bin/npm" "install" "hap-nodejs"
275 error node v6.6.0
276 error npm  v3.10.3
277 error code 1
278 error Command failed: git clone --template=/Users/chris/.npm/_git-remotes/_templates --mirror git://github.com/KhaosT/node-curve25519.git /Users/chris/.npm/_git-remotes/git-github-com-KhaosT-node-curve25519-git-0d5915d0
278 error xcode-select: note: no developer tools were found at '/Applications/Xcode.app', requesting install. Choose an option in the dialog to download the command line developer tools.
279 error If you need help, you may report this error at:
279 error     <https://github.com/npm/npm/issues>
280 verbose exit [ 1, true ]
